<?xml version="1.0" encoding="UTF-8"?>
<testng-results skipped="0" failed="0" total="2" passed="2">
  <reporter-output>
  </reporter-output>
  <suite name="test" duration-ms="58" started-at="2014-07-20T20:07:49Z" finished-at="2014-07-20T20:07:49Z">
    <groups>
    </groups>
    <test name="registration test" duration-ms="20" started-at="2014-07-20T20:07:49Z" finished-at="2014-07-20T20:07:49Z">
      <class name="tests.Hello">
        <test-method status="PASS" signature="testing()[pri:0, instance:tests.Hello@4eeba477]" name="testing" duration-ms="9" started-at="2014-07-20T16:07:49Z" finished-at="2014-07-20T16:07:49Z">
          <reporter-output>
          </reporter-output>
        </test-method> <!-- testing -->
      </class> <!-- tests.Hello -->
    </test> <!-- registration test -->
    <test name="registration1 test" duration-ms="2" started-at="2014-07-20T20:07:49Z" finished-at="2014-07-20T20:07:49Z">
      <class name="tests.JunitProject">
        <test-method status="PASS" signature="method1()[pri:0, instance:tests.JunitProject@4d560eeb]" name="method1" duration-ms="0" started-at="2014-07-20T16:07:49Z" finished-at="2014-07-20T16:07:49Z">
          <reporter-output>
          </reporter-output>
        </test-method> <!-- method1 -->
      </class> <!-- tests.JunitProject -->
    </test> <!-- registration1 test -->
  </suite> <!-- test -->
</testng-results>
