<?xml version="1.0" encoding="UTF-8"?>
<testng-results skipped="0" failed="1" total="1" passed="0">
  <reporter-output>
  </reporter-output>
  <suite name="Default suite" duration-ms="8195" started-at="2014-09-20T22:11:52Z" finished-at="2014-09-20T22:12:00Z">
    <groups>
    </groups>
    <test name="Default test" duration-ms="8195" started-at="2014-09-20T22:11:52Z" finished-at="2014-09-20T22:12:00Z">
      <class name="abuvai.test">
        <test-method status="PASS" signature="start()[pri:0, instance:abuvai.test@38c5a1ba]" name="start" is-config="true" duration-ms="4590" started-at="2014-09-20T18:11:52Z" finished-at="2014-09-20T18:11:56Z">
          <reporter-output>
          </reporter-output>
        </test-method> <!-- start -->
        <test-method status="FAIL" signature="logIn()[pri:0, instance:abuvai.test@38c5a1ba]" name="logIn" duration-ms="3594" started-at="2014-09-20T18:11:56Z" finished-at="2014-09-20T18:12:00Z">
          <exception class="java.lang.IllegalMonitorStateException">
            <full-stacktrace>
              <![CDATA[java.lang.IllegalMonitorStateException
	at java.lang.Object.wait(Native Method)
	at abuvai.test.logIn(test.java:29)
	at sun.reflect.NativeMethodAccessorImpl.invoke0(Native Method)
	at sun.reflect.NativeMethodAccessorImpl.invoke(Unknown Source)
	at sun.reflect.DelegatingMethodAccessorImpl.invoke(Unknown Source)
	at java.lang.reflect.Method.invoke(Unknown Source)
	at org.testng.internal.MethodInvocationHelper.invokeMethod(MethodInvocationHelper.java:84)
	at org.testng.internal.Invoker.invokeMethod(Invoker.java:714)
	at org.testng.internal.Invoker.invokeTestMethod(Invoker.java:901)
	at org.testng.internal.Invoker.invokeTestMethods(Invoker.java:1231)
	at org.testng.internal.TestMethodWorker.invokeTestMethods(TestMethodWorker.java:127)
	at org.testng.internal.TestMethodWorker.run(TestMethodWorker.java:111)
	at org.testng.TestRunner.privateRun(TestRunner.java:767)
	at org.testng.TestRunner.run(TestRunner.java:617)
	at org.testng.SuiteRunner.runTest(SuiteRunner.java:334)
	at org.testng.SuiteRunner.runSequentially(SuiteRunner.java:329)
	at org.testng.SuiteRunner.privateRun(SuiteRunner.java:291)
	at org.testng.SuiteRunner.run(SuiteRunner.java:240)
	at org.testng.SuiteRunnerWorker.runSuite(SuiteRunnerWorker.java:52)
	at org.testng.SuiteRunnerWorker.run(SuiteRunnerWorker.java:86)
	at org.testng.TestNG.runSuitesSequentially(TestNG.java:1224)
	at org.testng.TestNG.runSuitesLocally(TestNG.java:1149)
	at org.testng.TestNG.run(TestNG.java:1057)
	at org.testng.remote.RemoteTestNG.run(RemoteTestNG.java:111)
	at org.testng.remote.RemoteTestNG.initAndRun(RemoteTestNG.java:204)
	at org.testng.remote.RemoteTestNG.main(RemoteTestNG.java:175)
]]>
            </full-stacktrace>
          </exception> <!-- java.lang.IllegalMonitorStateException -->
          <reporter-output>
          </reporter-output>
        </test-method> <!-- logIn -->
      </class> <!-- abuvai.test -->
    </test> <!-- Default test -->
  </suite> <!-- Default suite -->
</testng-results>
