<?xml version="1.0" encoding="UTF-8"?>
<testng-results skipped="0" failed="0" total="1" passed="1">
  <reporter-output>
  </reporter-output>
  <suite name="Default suite" duration-ms="6010" started-at="2015-02-09T02:19:53Z" finished-at="2015-02-09T02:19:59Z">
    <groups>
    </groups>
    <test name="Default test" duration-ms="6010" started-at="2015-02-09T02:19:53Z" finished-at="2015-02-09T02:19:59Z">
      <class name="newpackage.NewTest">
        <test-method status="PASS" signature="test()[pri:0, instance:newpackage.NewTest@7907ec20]" name="test" duration-ms="5998" started-at="2015-02-08T21:19:53Z" finished-at="2015-02-08T21:19:59Z">
          <reporter-output>
          </reporter-output>
        </test-method> <!-- test -->
      </class> <!-- newpackage.NewTest -->
    </test> <!-- Default test -->
  </suite> <!-- Default suite -->
</testng-results>
