<?xml version="1.0" encoding="UTF-8"?>
<!-- Generated by org.testng.reporters.JUnitXMLReporter -->
<testsuite hostname="HumairaJarjees" name="registration test" tests="2" failures="2" timestamp="25 May 2014 02:01:30 GMT" time="7.189" errors="0">
  <testcase name="doLogin" time="3.461" classname="com.totalpractice.testing.LoginTest">
    <failure type="java.lang.NullPointerException">
      <![CDATA[java.lang.NullPointerException
	at com.totalpractice.testing.LoginTest.doLogin(LoginTest.java:24)
... Removed 24 stack frames]]>
    </failure>
  </testcase> <!-- doLogin -->
  <testcase name="doLogin" time="3.713" classname="com.totalpractice.testing.LoginTest">
    <failure type="java.lang.NullPointerException">
      <![CDATA[java.lang.NullPointerException
	at com.totalpractice.testing.LoginTest.doLogin(LoginTest.java:24)
... Removed 24 stack frames]]>
    </failure>
  </testcase> <!-- doLogin -->
</testsuite> <!-- registration test -->
