<?xml version="1.0" encoding="UTF-8"?>
<!-- Generated by org.testng.reporters.JUnitXMLReporter -->
<testsuite hostname="HumairaJarjees" name="test base" tests="1" failures="0" timestamp="12 Apr 2014 22:27:36 GMT" time="0.02" errors="0">
  <testcase name="@BeforeTest isSkipped" time="0.0" classname="test.RegisterTest">
    <failure type="java.lang.NullPointerException">
      <![CDATA[java.lang.NullPointerException
	at test.Xls_Reader.getRowCount(Xls_Reader.java:48)
	at util.TestUtil.isSkip(TestUtil.java:58)
	at test.RegisterTest.isSkipped(RegisterTest.java:25)
... Removed 22 stack frames]]>
    </failure>
  </testcase> <!-- @BeforeTest isSkipped -->
  <testcase name="testRegistration" time="0.002" classname="test.RegisterTest">
    <skipped/>
  </testcase> <!-- testRegistration -->
</testsuite> <!-- test base -->
