<?xml version="1.0" encoding="UTF-8"?>
<!-- Generated by org.testng.reporters.JUnitXMLReporter -->
<testsuite hostname="HumairaJarjees" name="Default test" tests="3" failures="0" timestamp="21 Apr 2014 02:31:57 GMT" time="0.024" errors="0">
  <testcase name="test1" time="0.011" classname="polymorphism.tobeoverride">
    <skipped/>
  </testcase> <!-- test1 -->
  <testcase name="test2" time="0.0" classname="polymorphism.tobeoverride"/>
  <testcase name="test3" time="0.001" classname="polymorphism.tobeoverride">
    <skipped/>
  </testcase> <!-- test3 -->
</testsuite> <!-- Default test -->
