<?xml version="1.0" encoding="UTF-8"?>
<!-- Generated by org.testng.reporters.JUnitXMLReporter -->
<testsuite hostname="HumairaJarjees" name="test base" tests="2" failures="1" timestamp="11 Apr 2014 01:28:33 GMT" time="33.138" errors="0">
  <testcase name="registrationTest" time="3.087" classname="test.Registration"/>
  <testcase name="registrationTest" time="30.043" classname="test.Registration">
    <failure type="java.lang.NullPointerException">
      <![CDATA[java.lang.NullPointerException
	at test.Registration.registrationTest(Registration.java:16)
... Removed 24 stack frames]]>
    </failure>
  </testcase> <!-- registrationTest -->
</testsuite> <!-- test base -->
