<?xml version="1.0" encoding="UTF-8"?>
<testng-results skipped="0" failed="0" total="1" passed="1">
  <reporter-output>
  </reporter-output>
  <suite name="Default suite" duration-ms="5028" started-at="2015-02-05T03:26:09Z" finished-at="2015-02-05T03:26:14Z">
    <groups>
    </groups>
    <test name="Default test" duration-ms="5028" started-at="2015-02-05T03:26:09Z" finished-at="2015-02-05T03:26:14Z">
      <class name="test.GoogleTest">
        <test-method status="PASS" signature="start()[pri:0, instance:test.GoogleTest@6956de9]" name="start" is-config="true" duration-ms="12" started-at="2015-02-04T22:26:09Z" finished-at="2015-02-04T22:26:09Z">
          <reporter-output>
          </reporter-output>
        </test-method> <!-- start -->
        <test-method status="PASS" signature="googleTest()[pri:0, instance:test.GoogleTest@6956de9]" name="googleTest" duration-ms="5005" started-at="2015-02-04T22:26:09Z" finished-at="2015-02-04T22:26:14Z">
          <reporter-output>
          </reporter-output>
        </test-method> <!-- googleTest -->
        <test-method status="PASS" signature="close()[pri:0, instance:test.GoogleTest@6956de9]" name="close" is-config="true" duration-ms="1" started-at="2015-02-04T22:26:14Z" finished-at="2015-02-04T22:26:14Z">
          <reporter-output>
          </reporter-output>
        </test-method> <!-- close -->
      </class> <!-- test.GoogleTest -->
    </test> <!-- Default test -->
  </suite> <!-- Default suite -->
</testng-results>
