<?xml version="1.0" encoding="UTF-8"?>
<testng-results skipped="0" failed="0" total="1" passed="1">
  <reporter-output>
  </reporter-output>
  <suite name="Default suite" duration-ms="16676" started-at="2014-04-22T12:31:32Z" finished-at="2014-04-22T12:31:48Z">
    <groups>
    </groups>
    <test name="Default test" duration-ms="16676" started-at="2014-04-22T12:31:32Z" finished-at="2014-04-22T12:31:48Z">
      <class name="newlesson.firstjava">
        <test-method status="PASS" signature="browser()[pri:0, instance:newlesson.firstjava@374f1730]" name="browser" duration-ms="16666" started-at="2014-04-22T08:31:32Z" finished-at="2014-04-22T08:31:48Z">
          <reporter-output>
          </reporter-output>
        </test-method> <!-- browser -->
      </class> <!-- newlesson.firstjava -->
    </test> <!-- Default test -->
  </suite> <!-- Default suite -->
</testng-results>
