<?xml version="1.0" encoding="UTF-8"?>
<!-- Generated by org.testng.reporters.JUnitXMLReporter -->
<testsuite hostname="HumairaJarjees" name="Default test" tests="3" failures="0" timestamp="25 Apr 2014 13:52:04 GMT" time="0.023" errors="0">
  <testcase name="test1" time="0.005" classname="testsuite.LoginTest">
    <skipped/>
  </testcase> <!-- test1 -->
  <testcase name="test2" time="0.0" classname="testsuite.LoginTest"/>
  <testcase name="test3" time="0.001" classname="testsuite.LoginTest">
    <skipped/>
  </testcase> <!-- test3 -->
</testsuite> <!-- Default test -->
