<?xml version="1.0" encoding="UTF-8"?>
<testng-results skipped="0" failed="1" total="2" passed="1">
  <reporter-output>
  </reporter-output>
  <suite name="test" duration-ms="33168" started-at="2014-04-11T01:28:00Z" finished-at="2014-04-11T01:28:33Z">
    <groups>
    </groups>
    <test name="registration test" duration-ms="8" started-at="2014-04-11T01:28:00Z" finished-at="2014-04-11T01:28:00Z">
    </test> <!-- registration test -->
    <test name="test base" duration-ms="33138" started-at="2014-04-11T01:28:00Z" finished-at="2014-04-11T01:28:33Z">
      <class name="test.Registration">
        <test-method status="PASS" signature="initialize()[pri:0, instance:test.Registration@19bf37e3]" name="initialize" is-config="true" duration-ms="9012" started-at="2014-04-10T21:27:51Z" finished-at="2014-04-10T21:28:00Z">
          <reporter-output>
          </reporter-output>
        </test-method> <!-- initialize -->
        <test-method status="PASS" signature="registrationTest(java.lang.String, java.lang.String, java.lang.String, java.lang.String, java.lang.String, boolean)[pri:0, instance:test.Registration@19bf37e3]" name="registrationTest" duration-ms="3087" started-at="2014-04-10T21:28:00Z" data-provider="testData" finished-at="2014-04-10T21:28:03Z">
          <params>
            <param index="0">
              <value>
                <![CDATA[mizanur]]>
              </value>
            </param>
            <param index="1">
              <value>
                <![CDATA[rah]]>
              </value>
            </param>
            <param index="2">
              <value>
                <![CDATA[muradpur2002@yahoo.com]]>
              </value>
            </param>
            <param index="3">
              <value>
                <![CDATA[mizanur123]]>
              </value>
            </param>
            <param index="4">
              <value>
                <![CDATA[mizanur123]]>
              </value>
            </param>
            <param index="5">
              <value>
                <![CDATA[true]]>
              </value>
            </param>
          </params>
          <reporter-output>
          </reporter-output>
        </test-method> <!-- registrationTest -->
        <test-method status="FAIL" signature="registrationTest(java.lang.String, java.lang.String, java.lang.String, java.lang.String, java.lang.String, boolean)[pri:0, instance:test.Registration@19bf37e3]" name="registrationTest" duration-ms="30043" started-at="2014-04-10T21:28:03Z" data-provider="testData" finished-at="2014-04-10T21:28:33Z">
          <params>
            <param index="0">
              <value>
                <![CDATA[mizanur]]>
              </value>
            </param>
            <param index="1">
              <value>
                <![CDATA[rah]]>
              </value>
            </param>
            <param index="2">
              <value>
                <![CDATA[muradpur20020@yahoo.com]]>
              </value>
            </param>
            <param index="3">
              <value>
                <![CDATA[mizanur123]]>
              </value>
            </param>
            <param index="4">
              <value>
                <![CDATA[mizanur123]]>
              </value>
            </param>
            <param index="5">
              <value>
                <![CDATA[false]]>
              </value>
            </param>
          </params>
          <exception class="java.lang.NullPointerException">
            <full-stacktrace>
              <![CDATA[java.lang.NullPointerException
	at test.Registration.registrationTest(Registration.java:16)
	at sun.reflect.NativeMethodAccessorImpl.invoke0(Native Method)
	at sun.reflect.NativeMethodAccessorImpl.invoke(Unknown Source)
	at sun.reflect.DelegatingMethodAccessorImpl.invoke(Unknown Source)
	at java.lang.reflect.Method.invoke(Unknown Source)
	at org.testng.internal.MethodInvocationHelper.invokeMethod(MethodInvocationHelper.java:84)
	at org.testng.internal.Invoker.invokeMethod(Invoker.java:714)
	at org.testng.internal.Invoker.invokeTestMethod(Invoker.java:901)
	at org.testng.internal.Invoker.invokeTestMethods(Invoker.java:1231)
	at org.testng.internal.TestMethodWorker.invokeTestMethods(TestMethodWorker.java:127)
	at org.testng.internal.TestMethodWorker.run(TestMethodWorker.java:111)
	at org.testng.TestRunner.privateRun(TestRunner.java:767)
	at org.testng.TestRunner.run(TestRunner.java:617)
	at org.testng.SuiteRunner.runTest(SuiteRunner.java:334)
	at org.testng.SuiteRunner.runSequentially(SuiteRunner.java:329)
	at org.testng.SuiteRunner.privateRun(SuiteRunner.java:291)
	at org.testng.SuiteRunner.run(SuiteRunner.java:240)
	at org.testng.SuiteRunnerWorker.runSuite(SuiteRunnerWorker.java:52)
	at org.testng.SuiteRunnerWorker.run(SuiteRunnerWorker.java:86)
	at org.testng.TestNG.runSuitesSequentially(TestNG.java:1224)
	at org.testng.TestNG.runSuitesLocally(TestNG.java:1149)
	at org.testng.TestNG.run(TestNG.java:1057)
	at org.testng.remote.RemoteTestNG.run(RemoteTestNG.java:111)
	at org.testng.remote.RemoteTestNG.initAndRun(RemoteTestNG.java:204)
	at org.testng.remote.RemoteTestNG.main(RemoteTestNG.java:175)
]]>
            </full-stacktrace>
          </exception> <!-- java.lang.NullPointerException -->
          <reporter-output>
          </reporter-output>
        </test-method> <!-- registrationTest -->
      </class> <!-- test.Registration -->
    </test> <!-- test base -->
  </suite> <!-- test -->
</testng-results>
