<?xml version="1.0" encoding="UTF-8"?>
<!-- Generated by org.testng.reporters.JUnitXMLReporter -->
<testsuite hostname="HumairaJarjees" name="test1" tests="1" failures="1" timestamp="8 Feb 2015 04:38:12 GMT" time="4.934" errors="0">
  <testcase name="setup" time="0.009" classname="test.Testing">
    <failure type="java.lang.AssertionError" message="intentional failed">
      <![CDATA[java.lang.AssertionError: intentional failed
	at test.Testing.setup(Testing.java:11)
... Removed 25 stack frames]]>
    </failure>
  </testcase> <!-- setup -->
</testsuite> <!-- test1 -->
