<?xml version="1.0" encoding="UTF-8"?>
<!-- Generated by org.testng.reporters.JUnitXMLReporter -->
<testsuite hostname="HumairaJarjees" name="test2" tests="1" failures="1" timestamp="8 Feb 2015 04:38:19 GMT" time="6.94" errors="0">
  <testcase name="start1" time="0.001" classname="test.Testing3">
    <failure type="java.lang.AssertionError" message="not equal expected [2] but found [3]">
      <![CDATA[java.lang.AssertionError: not equal expected [2] but found [3]
	at test.Testing3.start1(Testing3.java:14)
... Removed 28 stack frames]]>
    </failure>
  </testcase> <!-- start1 -->
</testsuite> <!-- test2 -->
