<?xml version="1.0" encoding="UTF-8"?>
<!-- Generated by org.testng.reporters.JUnitXMLReporter -->
<testsuite hostname="HumairaJarjees" name="Default test" tests="4" failures="0" timestamp="24 Jun 2014 03:30:07 GMT" time="7.564" errors="0">
  <testcase name="doLogin" time="3.585" classname="com.yahoo.test.LoginTest"/>
  <testcase name="doLogin" time="1.321" classname="com.yahoo.test.LoginTest"/>
  <testcase name="doLogin" time="1.335" classname="com.yahoo.test.LoginTest"/>
  <testcase name="doLogin" time="1.302" classname="com.yahoo.test.LoginTest"/>
</testsuite> <!-- Default test -->
