<?xml version="1.0" encoding="UTF-8"?>
<!-- Generated by org.testng.reporters.JUnitXMLReporter -->
<testsuite hostname="HumairaJarjees" name="Default test" tests="3" failures="0" timestamp="27 Jan 2015 19:26:57 GMT" time="27.923" errors="0">
  <testcase name="doLogin" time="17.462" classname="com.qtpselenium.salesforce.testcases.LoginTest"/>
  <testcase name="doLogin" time="0.001" classname="com.qtpselenium.salesforce.testcases.LoginTest">
    <skipped/>
  </testcase> <!-- doLogin -->
  <testcase name="doLogin" time="10.438" classname="com.qtpselenium.salesforce.testcases.LoginTest"/>
</testsuite> <!-- Default test -->
